1585200918697	mozrunner::runner	INFO	Running command: "C:\\Program Files\\Mozilla Firefox\\firefox.exe" "-marionette" "-foreground" "-no-remote" "-profile" "C:\\Temp\\rust_mozprofileWGI43E"
1585200921524	addons.webextension.doh-rollout@mozilla.org	WARN	Loading extension 'doh-rollout@mozilla.org': Reading manifest: Invalid extension permission: networkStatus
1585200922755	addons.webextension.screenshots@mozilla.org	WARN	Loading extension 'screenshots@mozilla.org': Reading manifest: Invalid extension permission: mozillaAddons
1585200922756	addons.webextension.screenshots@mozilla.org	WARN	Loading extension 'screenshots@mozilla.org': Reading manifest: Invalid extension permission: telemetry
1585200922756	addons.webextension.screenshots@mozilla.org	WARN	Loading extension 'screenshots@mozilla.org': Reading manifest: Invalid extension permission: resource://pdf.js/
1585200922756	addons.webextension.screenshots@mozilla.org	WARN	Loading extension 'screenshots@mozilla.org': Reading manifest: Invalid extension permission: about:reader*
JavaScript error: resource://gre/modules/XULStore.jsm, line 66: Error: Can't find profile directory.
1585200931573	Marionette	INFO	Listening on port 49374
1585200931832	Marionette	WARN	TLS certificate errors will be ignored for this session
[Parent 5772, Gecko_IOThread] WARNING: file z:/task_1583748103/build/src/ipc/chromium/src/chrome/common/ipc_channel_win.cc, line 307
[Parent 5772, Gecko_IOThread] WARNING: file z:/task_1583748103/build/src/ipc/chromium/src/chrome/common/ipc_channel_win.cc, line 307
JavaScript error: , line 0: TypeError: NetworkError when attempting to fetch resource.
JavaScript error: resource://gre/actors/PictureInPictureChild.jsm, line 114: InvalidStateError: An attempt was made to use an object that is not, or is no longer, usable
1585201019111	Marionette	INFO	Stopped listening on port 49374
[Parent 5772, Gecko_IOThread] WARNING: file z:/task_1583748103/build/src/ipc/chromium/src/base/process_util_win.cc, line 160
1585201765769	mozrunner::runner	INFO	Running command: "C:\\Program Files\\Mozilla Firefox\\firefox.exe" "-marionette" "-foreground" "-no-remote" "-profile" "C:\\Temp\\rust_mozprofilehuHtyP"
1585201768018	addons.webextension.doh-rollout@mozilla.org	WARN	Loading extension 'doh-rollout@mozilla.org': Reading manifest: Invalid extension permission: networkStatus
1585201768995	addons.webextension.screenshots@mozilla.org	WARN	Loading extension 'screenshots@mozilla.org': Reading manifest: Invalid extension permission: mozillaAddons
1585201768995	addons.webextension.screenshots@mozilla.org	WARN	Loading extension 'screenshots@mozilla.org': Reading manifest: Invalid extension permission: telemetry
1585201768995	addons.webextension.screenshots@mozilla.org	WARN	Loading extension 'screenshots@mozilla.org': Reading manifest: Invalid extension permission: resource://pdf.js/
1585201768995	addons.webextension.screenshots@mozilla.org	WARN	Loading extension 'screenshots@mozilla.org': Reading manifest: Invalid extension permission: about:reader*
JavaScript error: resource://gre/modules/XULStore.jsm, line 66: Error: Can't find profile directory.
1585201771567	Marionette	INFO	Listening on port 49831
1585201771778	Marionette	WARN	TLS certificate errors will be ignored for this session
[Parent 4900, Gecko_IOThread] WARNING: file z:/task_1583748103/build/src/ipc/chromium/src/chrome/common/ipc_channel_win.cc, line 307
[Parent 4900, Gecko_IOThread] WARNING: file z:/task_1583748103/build/src/ipc/chromium/src/chrome/common/ipc_channel_win.cc, line 307
JavaScript error: , line 0: TypeError: NetworkError when attempting to fetch resource.
1585201857512	Marionette	INFO	Stopped listening on port 49831
1585202060088	mozrunner::runner	INFO	Running command: "C:\\Program Files\\Mozilla Firefox\\firefox.exe" "-marionette" "-foreground" "-no-remote" "-profile" "C:\\Temp\\rust_mozprofilefa0gUI"
1585202061727	addons.webextension.doh-rollout@mozilla.org	WARN	Loading extension 'doh-rollout@mozilla.org': Reading manifest: Invalid extension permission: networkStatus
1585202063046	addons.webextension.screenshots@mozilla.org	WARN	Loading extension 'screenshots@mozilla.org': Reading manifest: Invalid extension permission: mozillaAddons
1585202063046	addons.webextension.screenshots@mozilla.org	WARN	Loading extension 'screenshots@mozilla.org': Reading manifest: Invalid extension permission: telemetry
1585202063046	addons.webextension.screenshots@mozilla.org	WARN	Loading extension 'screenshots@mozilla.org': Reading manifest: Invalid extension permission: resource://pdf.js/
1585202063046	addons.webextension.screenshots@mozilla.org	WARN	Loading extension 'screenshots@mozilla.org': Reading manifest: Invalid extension permission: about:reader*
JavaScript error: resource://gre/modules/XULStore.jsm, line 66: Error: Can't find profile directory.
1585202064901	Marionette	INFO	Listening on port 49992
1585202065064	Marionette	WARN	TLS certificate errors will be ignored for this session
[Parent 4988, Gecko_IOThread] WARNING: file z:/task_1583748103/build/src/ipc/chromium/src/chrome/common/ipc_channel_win.cc, line 307
[Parent 4988, Gecko_IOThread] WARNING: file z:/task_1583748103/build/src/ipc/chromium/src/chrome/common/ipc_channel_win.cc, line 307
JavaScript error: , line 0: TypeError: NetworkError when attempting to fetch resource.
JavaScript error: https://www.xing.com/assets/feedy-frontend/feedy-frontend-19-d1f242be1395.js, line 1: Error: 
JavaScript error: resource://gre/actors/PictureInPictureChild.jsm, line 114: InvalidStateError: An attempt was made to use an object that is not, or is no longer, usable
1585202156264	Marionette	INFO	Stopped listening on port 49992
JavaScript error: , line 0: AbortError: A request was aborted, for example through a call to IDBTransaction.abort.
1585202779839	mozrunner::runner	INFO	Running command: "C:\\Program Files\\Mozilla Firefox\\firefox.exe" "-marionette" "-foreground" "-no-remote" "-profile" "C:\\Temp\\rust_mozprofileDB5Jda"
1585202781726	addons.webextension.doh-rollout@mozilla.org	WARN	Loading extension 'doh-rollout@mozilla.org': Reading manifest: Invalid extension permission: networkStatus
1585202782865	addons.webextension.screenshots@mozilla.org	WARN	Loading extension 'screenshots@mozilla.org': Reading manifest: Invalid extension permission: mozillaAddons
1585202782865	addons.webextension.screenshots@mozilla.org	WARN	Loading extension 'screenshots@mozilla.org': Reading manifest: Invalid extension permission: telemetry
1585202782865	addons.webextension.screenshots@mozilla.org	WARN	Loading extension 'screenshots@mozilla.org': Reading manifest: Invalid extension permission: resource://pdf.js/
1585202782866	addons.webextension.screenshots@mozilla.org	WARN	Loading extension 'screenshots@mozilla.org': Reading manifest: Invalid extension permission: about:reader*
JavaScript error: resource://gre/modules/XULStore.jsm, line 66: Error: Can't find profile directory.
1585202785016	Marionette	INFO	Listening on port 50233
1585202785245	Marionette	WARN	TLS certificate errors will be ignored for this session
[Parent 3596, Gecko_IOThread] WARNING: file z:/task_1583748103/build/src/ipc/chromium/src/chrome/common/ipc_channel_win.cc, line 307
[Parent 3596, Gecko_IOThread] WARNING: file z:/task_1583748103/build/src/ipc/chromium/src/chrome/common/ipc_channel_win.cc, line 307
JavaScript error: resource://gre/actors/PictureInPictureChild.jsm, line 114: InvalidStateError: An attempt was made to use an object that is not, or is no longer, usable
JavaScript error: resource://gre/actors/PictureInPictureChild.jsm, line 114: InvalidStateError: An attempt was made to use an object that is not, or is no longer, usable
1585202872978	Marionette	INFO	Stopped listening on port 50233
[Parent 3596, Gecko_IOThread] WARNING: file z:/task_1583748103/build/src/ipc/chromium/src/base/process_util_win.cc, line 160
JavaScript error: , line 0: AbortError: A request was aborted, for example through a call to IDBTransaction.abort.
1585203071174	mozrunner::runner	INFO	Running command: "C:\\Program Files\\Mozilla Firefox\\firefox.exe" "-marionette" "-foreground" "-no-remote" "-profile" "C:\\Temp\\rust_mozprofilebm3Ni1"
1585203073095	addons.webextension.doh-rollout@mozilla.org	WARN	Loading extension 'doh-rollout@mozilla.org': Reading manifest: Invalid extension permission: networkStatus
1585203074134	addons.webextension.screenshots@mozilla.org	WARN	Loading extension 'screenshots@mozilla.org': Reading manifest: Invalid extension permission: mozillaAddons
1585203074134	addons.webextension.screenshots@mozilla.org	WARN	Loading extension 'screenshots@mozilla.org': Reading manifest: Invalid extension permission: telemetry
1585203074134	addons.webextension.screenshots@mozilla.org	WARN	Loading extension 'screenshots@mozilla.org': Reading manifest: Invalid extension permission: resource://pdf.js/
1585203074134	addons.webextension.screenshots@mozilla.org	WARN	Loading extension 'screenshots@mozilla.org': Reading manifest: Invalid extension permission: about:reader*
JavaScript error: resource://gre/modules/XULStore.jsm, line 66: Error: Can't find profile directory.
1585203076473	Marionette	INFO	Listening on port 50400
1585203076704	Marionette	WARN	TLS certificate errors will be ignored for this session
[Parent 7688, Gecko_IOThread] WARNING: file z:/task_1583748103/build/src/ipc/chromium/src/chrome/common/ipc_channel_win.cc, line 307
[Parent 7688, Gecko_IOThread] WARNING: file z:/task_1583748103/build/src/ipc/chromium/src/chrome/common/ipc_channel_win.cc, line 307
JavaScript error: , line 0: TypeError: NetworkError when attempting to fetch resource.
1585203163794	Marionette	INFO	Stopped listening on port 50400
[Parent 7688, Gecko_IOThread] WARNING: file z:/task_1583748103/build/src/ipc/chromium/src/base/process_util_win.cc, line 160
1585203502177	mozrunner::runner	INFO	Running command: "C:\\Program Files\\Mozilla Firefox\\firefox.exe" "-marionette" "-foreground" "-no-remote" "-profile" "C:\\Temp\\rust_mozprofilew7C7Qx"
1585203503919	addons.webextension.doh-rollout@mozilla.org	WARN	Loading extension 'doh-rollout@mozilla.org': Reading manifest: Invalid extension permission: networkStatus
1585203504948	addons.webextension.screenshots@mozilla.org	WARN	Loading extension 'screenshots@mozilla.org': Reading manifest: Invalid extension permission: mozillaAddons
1585203504948	addons.webextension.screenshots@mozilla.org	WARN	Loading extension 'screenshots@mozilla.org': Reading manifest: Invalid extension permission: telemetry
1585203504948	addons.webextension.screenshots@mozilla.org	WARN	Loading extension 'screenshots@mozilla.org': Reading manifest: Invalid extension permission: resource://pdf.js/
1585203504948	addons.webextension.screenshots@mozilla.org	WARN	Loading extension 'screenshots@mozilla.org': Reading manifest: Invalid extension permission: about:reader*
JavaScript error: resource://gre/modules/XULStore.jsm, line 66: Error: Can't find profile directory.
1585203508812	Marionette	INFO	Listening on port 50678
1585203508895	Marionette	WARN	TLS certificate errors will be ignored for this session
[Parent 5088, Gecko_IOThread] WARNING: file z:/task_1583748103/build/src/ipc/chromium/src/chrome/common/ipc_channel_win.cc, line 307
[Parent 5088, Gecko_IOThread] WARNING: file z:/task_1583748103/build/src/ipc/chromium/src/chrome/common/ipc_channel_win.cc, line 307
JavaScript error: resource://gre/actors/PictureInPictureChild.jsm, line 114: InvalidStateError: An attempt was made to use an object that is not, or is no longer, usable
1585203602760	Marionette	INFO	Stopped listening on port 50678
JavaScript error: , line 0: AbortError: A request was aborted, for example through a call to IDBTransaction.abort.
1585209436325	mozrunner::runner	INFO	Running command: "C:\\Program Files\\Mozilla Firefox\\firefox.exe" "-marionette" "-foreground" "-no-remote" "-profile" "C:\\Temp\\rust_mozprofilenfG4Oc"
1585209438065	addons.webextension.doh-rollout@mozilla.org	WARN	Loading extension 'doh-rollout@mozilla.org': Reading manifest: Invalid extension permission: networkStatus
1585209439219	addons.webextension.screenshots@mozilla.org	WARN	Loading extension 'screenshots@mozilla.org': Reading manifest: Invalid extension permission: mozillaAddons
1585209439219	addons.webextension.screenshots@mozilla.org	WARN	Loading extension 'screenshots@mozilla.org': Reading manifest: Invalid extension permission: telemetry
1585209439219	addons.webextension.screenshots@mozilla.org	WARN	Loading extension 'screenshots@mozilla.org': Reading manifest: Invalid extension permission: resource://pdf.js/
1585209439219	addons.webextension.screenshots@mozilla.org	WARN	Loading extension 'screenshots@mozilla.org': Reading manifest: Invalid extension permission: about:reader*
JavaScript error: resource://gre/modules/XULStore.jsm, line 66: Error: Can't find profile directory.
1585209441027	Marionette	INFO	Listening on port 52920
1585209441232	Marionette	WARN	TLS certificate errors will be ignored for this session
[Parent 3268, Gecko_IOThread] WARNING: file z:/task_1583748103/build/src/ipc/chromium/src/chrome/common/ipc_channel_win.cc, line 307
[Parent 3268, Gecko_IOThread] WARNING: file z:/task_1583748103/build/src/ipc/chromium/src/chrome/common/ipc_channel_win.cc, line 307
1585209527850	Marionette	INFO	Stopped listening on port 52920
